107.08.19 14:16 B C:\Jae Files\Webs\reprodactyl new\images\photogallery\alignshoulder.jpg <-- dactyl /home/dactyl/public_html/images alignshoulder.jpg
107.08.19 14:16 B C:\Jae Files\Webs\reprodactyl new\images\photogallery\alignshoulderbig.jpg <-- dactyl /home/dactyl/public_html/images alignshoulderbig.jpg
107.08.19 14:16 B C:\Jae Files\Webs\reprodactyl new\images\photogallery\compelements.jpg <-- dactyl /home/dactyl/public_html/images compelements.jpg
107.08.19 14:16 B C:\Jae Files\Webs\reprodactyl new\images\photogallery\compelementsbig.jpg <-- dactyl /home/dactyl/public_html/images compelementsbig.jpg
107.08.19 14:16 B C:\Jae Files\Webs\reprodactyl new\images\photogallery\compmount.jpg <-- dactyl /home/dactyl/public_html/images compmount.jpg
107.08.19 14:16 B C:\Jae Files\Webs\reprodactyl new\images\photogallery\compmountbig.jpg <-- dactyl /home/dactyl/public_html/images compmountbig.jpg
107.08.19 14:16 B C:\Jae Files\Webs\reprodactyl new\images\photogallery\dactylAnim.gif <-- dactyl /home/dactyl/public_html/images dactylAnim.gif
107.08.19 14:16 B C:\Jae Files\Webs\reprodactyl new\images\photogallery\dactylsmall.gif <-- dactyl /home/dactyl/public_html/images dactylsmall.gif
107.08.19 14:16 B C:\Jae Files\Webs\reprodactyl new\images\photogallery\firstsec.jpg <-- dactyl /home/dactyl/public_html/images firstsec.jpg
107.08.19 14:16 B C:\Jae Files\Webs\reprodactyl new\images\photogallery\firstsecbig.jpg <-- dactyl /home/dactyl/public_html/images firstsecbig.jpg
107.08.19 14:16 B C:\Jae Files\Webs\reprodactyl new\images\photogallery\frontrear.jpg <-- dactyl /home/dactyl/public_html/images frontrear.jpg
107.08.19 14:16 B C:\Jae Files\Webs\reprodactyl new\images\photogallery\frontrearbig.jpg <-- dactyl /home/dactyl/public_html/images frontrearbig.jpg
107.08.19 14:16 B C:\Jae Files\Webs\reprodactyl new\images\photogallery\painting.jpg <-- dactyl /home/dactyl/public_html/images painting.jpg
107.08.19 14:16 B C:\Jae Files\Webs\reprodactyl new\images\photogallery\paintingbig.jpg <-- dactyl /home/dactyl/public_html/images paintingbig.jpg
107.08.19 14:16 B C:\Jae Files\Webs\reprodactyl new\images\photogallery\recpropho.gif <-- dactyl /home/dactyl/public_html/images recpropho.gif
107.08.19 14:16 B C:\Jae Files\Webs\reprodactyl new\images\photogallery\recpropho2.gif <-- dactyl /home/dactyl/public_html/images recpropho2.gif
107.08.19 14:16 B C:\Jae Files\Webs\reprodactyl new\images\photogallery\servlocrate.gif <-- dactyl /home/dactyl/public_html/images servlocrate.gif
107.08.19 14:16 B C:\Jae Files\Webs\reprodactyl new\images\photogallery\servlocrate2.gif <-- dactyl /home/dactyl/public_html/images servlocrate2.gif
107.08.19 14:16 B C:\Jae Files\Webs\reprodactyl new\images\photogallery\skeldrawing.jpg <-- dactyl /home/dactyl/public_html/images skeldrawing.jpg
107.08.19 14:16 B C:\Jae Files\Webs\reprodactyl new\images\photogallery\skeldrawingbig.jpg <-- dactyl /home/dactyl/public_html/images skeldrawingbig.jpg
107.08.19 14:16 B C:\Jae Files\Webs\reprodactyl new\images\photogallery\testfit.jpg <-- dactyl /home/dactyl/public_html/images testfit.jpg
107.08.19 14:16 B C:\Jae Files\Webs\reprodactyl new\images\photogallery\testfitbig.jpg <-- dactyl /home/dactyl/public_html/images testfitbig.jpg
107.08.19 15:10 B C:\Jae Files\Webs\reprodactyl new\images\photogallery\alignshoulder.jpg --> ftp.reprodactyl.com /home/dactyl/public_html/images/photogallery alignshoulder.jpg
107.08.19 15:10 B C:\Jae Files\Webs\reprodactyl new\images\photogallery\alignshoulderbig.jpg --> ftp.reprodactyl.com /home/dactyl/public_html/images/photogallery alignshoulderbig.jpg
107.08.19 15:10 B C:\Jae Files\Webs\reprodactyl new\images\photogallery\compelements.jpg --> ftp.reprodactyl.com /home/dactyl/public_html/images/photogallery compelements.jpg
107.08.19 15:10 B C:\Jae Files\Webs\reprodactyl new\images\photogallery\compelementsbig.jpg --> ftp.reprodactyl.com /home/dactyl/public_html/images/photogallery compelementsbig.jpg
107.08.19 15:10 B C:\Jae Files\Webs\reprodactyl new\images\photogallery\compmount.jpg --> ftp.reprodactyl.com /home/dactyl/public_html/images/photogallery compmount.jpg
107.08.19 15:10 B C:\Jae Files\Webs\reprodactyl new\images\photogallery\compmountbig.jpg --> ftp.reprodactyl.com /home/dactyl/public_html/images/photogallery compmountbig.jpg
107.08.19 15:10 B C:\Jae Files\Webs\reprodactyl new\images\photogallery\firstsec.jpg --> ftp.reprodactyl.com /home/dactyl/public_html/images/photogallery firstsec.jpg
107.08.19 15:10 B C:\Jae Files\Webs\reprodactyl new\images\photogallery\firstsecbig.jpg --> ftp.reprodactyl.com /home/dactyl/public_html/images/photogallery firstsecbig.jpg
107.08.19 15:10 B C:\Jae Files\Webs\reprodactyl new\images\photogallery\frontrear.jpg --> ftp.reprodactyl.com /home/dactyl/public_html/images/photogallery frontrear.jpg
107.08.19 15:10 B C:\Jae Files\Webs\reprodactyl new\images\photogallery\frontrearbig.jpg --> ftp.reprodactyl.com /home/dactyl/public_html/images/photogallery frontrearbig.jpg
107.08.19 15:10 B C:\Jae Files\Webs\reprodactyl new\images\photogallery\painting.jpg --> ftp.reprodactyl.com /home/dactyl/public_html/images/photogallery painting.jpg
107.08.19 15:10 B C:\Jae Files\Webs\reprodactyl new\images\photogallery\paintingbig.jpg --> ftp.reprodactyl.com /home/dactyl/public_html/images/photogallery paintingbig.jpg
107.08.19 15:10 B C:\Jae Files\Webs\reprodactyl new\images\photogallery\recpropho.gif --> ftp.reprodactyl.com /home/dactyl/public_html/images/photogallery recpropho.gif
107.08.19 15:10 B C:\Jae Files\Webs\reprodactyl new\images\photogallery\recpropho2.gif --> ftp.reprodactyl.com /home/dactyl/public_html/images/photogallery recpropho2.gif
107.08.19 15:10 B C:\Jae Files\Webs\reprodactyl new\images\photogallery\servlocrate.gif --> ftp.reprodactyl.com /home/dactyl/public_html/images/photogallery servlocrate.gif
107.08.19 15:10 B C:\Jae Files\Webs\reprodactyl new\images\photogallery\servlocrate2.gif --> ftp.reprodactyl.com /home/dactyl/public_html/images/photogallery servlocrate2.gif
107.08.19 15:10 B C:\Jae Files\Webs\reprodactyl new\images\photogallery\skeldrawing.jpg --> ftp.reprodactyl.com /home/dactyl/public_html/images/photogallery skeldrawing.jpg
107.08.19 15:10 B C:\Jae Files\Webs\reprodactyl new\images\photogallery\skeldrawingbig.jpg --> ftp.reprodactyl.com /home/dactyl/public_html/images/photogallery skeldrawingbig.jpg
107.08.19 15:10 B C:\Jae Files\Webs\reprodactyl new\images\photogallery\testfit.jpg --> ftp.reprodactyl.com /home/dactyl/public_html/images/photogallery testfit.jpg
107.08.19 15:11 B C:\Jae Files\Webs\reprodactyl new\images\photogallery\testfitbig.jpg --> ftp.reprodactyl.com /home/dactyl/public_html/images/photogallery testfitbig.jpg
107.08.19 15:11 B C:\Jae Files\Webs\reprodactyl new\images\photogallery\WS_FTP.LOG --> ftp.reprodactyl.com /home/dactyl/public_html/images/photogallery WS_FTP.LOG
107.10.01 21:26 B C:\Jae Files\Webs\reprodactyl new\images\photogallery\alignshoulder.jpg --> host138.ipowerweb.com /public_html/images/photogallery alignshoulder.jpg
107.10.01 21:26 B C:\Jae Files\Webs\reprodactyl new\images\photogallery\alignshoulderbig.jpg --> host138.ipowerweb.com /public_html/images/photogallery alignshoulderbig.jpg
107.10.01 21:26 B C:\Jae Files\Webs\reprodactyl new\images\photogallery\compelements.jpg --> host138.ipowerweb.com /public_html/images/photogallery compelements.jpg
107.10.01 21:26 B C:\Jae Files\Webs\reprodactyl new\images\photogallery\compelementsbig.jpg --> host138.ipowerweb.com /public_html/images/photogallery compelementsbig.jpg
107.10.01 21:26 B C:\Jae Files\Webs\reprodactyl new\images\photogallery\compmount.jpg --> host138.ipowerweb.com /public_html/images/photogallery compmount.jpg
107.10.01 21:26 B C:\Jae Files\Webs\reprodactyl new\images\photogallery\compmountbig.jpg --> host138.ipowerweb.com /public_html/images/photogallery compmountbig.jpg
107.10.01 21:26 B C:\Jae Files\Webs\reprodactyl new\images\photogallery\firstsec.jpg --> host138.ipowerweb.com /public_html/images/photogallery firstsec.jpg
107.10.01 21:26 B C:\Jae Files\Webs\reprodactyl new\images\photogallery\firstsecbig.jpg --> host138.ipowerweb.com /public_html/images/photogallery firstsecbig.jpg
107.10.01 21:26 B C:\Jae Files\Webs\reprodactyl new\images\photogallery\frontrear.jpg --> host138.ipowerweb.com /public_html/images/photogallery frontrear.jpg
107.10.01 21:26 B C:\Jae Files\Webs\reprodactyl new\images\photogallery\frontrearbig.jpg --> host138.ipowerweb.com /public_html/images/photogallery frontrearbig.jpg
107.10.01 21:26 B C:\Jae Files\Webs\reprodactyl new\images\photogallery\painting.jpg --> host138.ipowerweb.com /public_html/images/photogallery painting.jpg
107.10.01 21:26 B C:\Jae Files\Webs\reprodactyl new\images\photogallery\paintingbig.jpg --> host138.ipowerweb.com /public_html/images/photogallery paintingbig.jpg
107.10.01 21:26 B C:\Jae Files\Webs\reprodactyl new\images\photogallery\recpropho.gif --> host138.ipowerweb.com /public_html/images/photogallery recpropho.gif
107.10.01 21:26 B C:\Jae Files\Webs\reprodactyl new\images\photogallery\recpropho2.gif --> host138.ipowerweb.com /public_html/images/photogallery recpropho2.gif
107.10.01 21:26 B C:\Jae Files\Webs\reprodactyl new\images\photogallery\servlocrate.gif --> host138.ipowerweb.com /public_html/images/photogallery servlocrate.gif
107.10.01 21:26 B C:\Jae Files\Webs\reprodactyl new\images\photogallery\servlocrate2.gif --> host138.ipowerweb.com /public_html/images/photogallery servlocrate2.gif
107.10.01 21:26 B C:\Jae Files\Webs\reprodactyl new\images\photogallery\skeldrawing.jpg --> host138.ipowerweb.com /public_html/images/photogallery skeldrawing.jpg
107.10.01 21:26 B C:\Jae Files\Webs\reprodactyl new\images\photogallery\skeldrawingbig.jpg --> host138.ipowerweb.com /public_html/images/photogallery skeldrawingbig.jpg
107.10.01 21:26 B C:\Jae Files\Webs\reprodactyl new\images\photogallery\testfit.jpg --> host138.ipowerweb.com /public_html/images/photogallery testfit.jpg
107.10.01 21:26 B C:\Jae Files\Webs\reprodactyl new\images\photogallery\testfitbig.jpg --> host138.ipowerweb.com /public_html/images/photogallery testfitbig.jpg
