106.07.26 22:26 B C:\Webs\reprodactyl\new\images\background.jpg --> users.hfx.eastlink.ca /public_html/images background.jpg
106.07.26 22:26 B C:\Webs\reprodactyl\new\images\bar.jpg --> users.hfx.eastlink.ca /public_html/images bar.jpg
106.07.26 22:26 B C:\Webs\reprodactyl\new\images\contact.jpg --> users.hfx.eastlink.ca /public_html/images contact.jpg
106.07.26 22:26 B C:\Webs\reprodactyl\new\images\contactglow.jpg --> users.hfx.eastlink.ca /public_html/images contactglow.jpg
106.07.26 22:26 B C:\Webs\reprodactyl\new\images\dactylanim.gif --> users.hfx.eastlink.ca /public_html/images dactylanim.gif
106.07.26 22:26 B C:\Webs\reprodactyl\new\images\history.jpg --> users.hfx.eastlink.ca /public_html/images history.jpg
106.07.26 22:26 B C:\Webs\reprodactyl\new\images\historyglow.jpg --> users.hfx.eastlink.ca /public_html/images historyglow.jpg
106.07.26 22:26 B C:\Webs\reprodactyl\new\images\home.jpg --> users.hfx.eastlink.ca /public_html/images home.jpg
106.07.26 22:26 B C:\Webs\reprodactyl\new\images\homeglow.jpg --> users.hfx.eastlink.ca /public_html/images homeglow.jpg
106.07.26 22:26 B C:\Webs\reprodactyl\new\images\plainglow.jpg --> users.hfx.eastlink.ca /public_html/images plainglow.jpg
106.07.26 22:26 B C:\Webs\reprodactyl\new\images\post.jpg --> users.hfx.eastlink.ca /public_html/images post.jpg
106.07.26 22:26 B C:\Webs\reprodactyl\new\images\recent.jpg --> users.hfx.eastlink.ca /public_html/images recent.jpg
106.07.26 22:26 B C:\Webs\reprodactyl\new\images\recentglow.jpg --> users.hfx.eastlink.ca /public_html/images recentglow.jpg
106.07.26 22:26 B C:\Webs\reprodactyl\new\images\service.jpg --> users.hfx.eastlink.ca /public_html/images service.jpg
106.07.26 22:26 B C:\Webs\reprodactyl\new\images\serviceglow.jpg --> users.hfx.eastlink.ca /public_html/images serviceglow.jpg
106.07.26 22:26 B C:\Webs\reprodactyl\new\images\skull.jpg --> users.hfx.eastlink.ca /public_html/images skull.jpg
106.07.26 22:26 B C:\Webs\reprodactyl\new\images\smlogo.jpg --> users.hfx.eastlink.ca /public_html/images smlogo.jpg
106.07.26 22:26 B C:\Webs\reprodactyl\new\images\title.jpg --> users.hfx.eastlink.ca /public_html/images title.jpg
106.07.26 22:26 B C:\Webs\reprodactyl\new\images\working.jpg --> users.hfx.eastlink.ca /public_html/images working.jpg
106.07.26 22:28 B C:\Webs\reprodactyl\new\images\dactylAnim.gif --> users.hfx.eastlink.ca /public_html/images dactylAnim.gif
107.08.19 14:11 B C:\Jae Files\Webs\reprodactyl new\images\recent.html --> ftp.reprodactyl.com /home/dactyl/public_html recent.html
107.08.19 14:11 B C:\Jae Files\Webs\reprodactyl new\images\historyglow.jpg --> ftp.reprodactyl.com /home/dactyl/public_html historyglow.jpg
107.08.19 14:11 B C:\Jae Files\Webs\reprodactyl new\images\home.jpg --> ftp.reprodactyl.com /home/dactyl/public_html home.jpg
107.08.19 14:11 B C:\Jae Files\Webs\reprodactyl new\images\homeglow.jpg --> ftp.reprodactyl.com /home/dactyl/public_html homeglow.jpg
107.08.19 14:11 B C:\Jae Files\Webs\reprodactyl new\images\background.jpg --> ftp.reprodactyl.com /home/dactyl/public_html/images background.jpg
107.08.19 14:11 B C:\Jae Files\Webs\reprodactyl new\images\bar.jpg --> ftp.reprodactyl.com /home/dactyl/public_html/images bar.jpg
107.08.19 14:11 B C:\Jae Files\Webs\reprodactyl new\images\contact.jpg --> ftp.reprodactyl.com /home/dactyl/public_html/images contact.jpg
107.08.19 14:11 B C:\Jae Files\Webs\reprodactyl new\images\contactglow.jpg --> ftp.reprodactyl.com /home/dactyl/public_html/images contactglow.jpg
107.08.19 14:11 B C:\Jae Files\Webs\reprodactyl new\images\dactylAnim.gif --> ftp.reprodactyl.com /home/dactyl/public_html/images dactylAnim.gif
107.08.19 14:11 B C:\Jae Files\Webs\reprodactyl new\images\history.jpg --> ftp.reprodactyl.com /home/dactyl/public_html/images history.jpg
107.08.19 14:11 B C:\Jae Files\Webs\reprodactyl new\images\historyglow.jpg --> ftp.reprodactyl.com /home/dactyl/public_html/images historyglow.jpg
107.08.19 14:11 B C:\Jae Files\Webs\reprodactyl new\images\home.jpg --> ftp.reprodactyl.com /home/dactyl/public_html/images home.jpg
107.08.19 14:11 B C:\Jae Files\Webs\reprodactyl new\images\homeglow.jpg --> ftp.reprodactyl.com /home/dactyl/public_html/images homeglow.jpg
107.08.19 14:11 B C:\Jae Files\Webs\reprodactyl new\images\plainglow.jpg --> ftp.reprodactyl.com /home/dactyl/public_html/images plainglow.jpg
107.08.19 14:11 B C:\Jae Files\Webs\reprodactyl new\images\post.jpg --> ftp.reprodactyl.com /home/dactyl/public_html/images post.jpg
107.08.19 14:11 B C:\Jae Files\Webs\reprodactyl new\images\recent.jpg --> ftp.reprodactyl.com /home/dactyl/public_html/images recent.jpg
107.08.19 14:11 B C:\Jae Files\Webs\reprodactyl new\images\recentglow.jpg --> ftp.reprodactyl.com /home/dactyl/public_html/images recentglow.jpg
107.08.19 14:11 B C:\Jae Files\Webs\reprodactyl new\images\service.jpg --> ftp.reprodactyl.com /home/dactyl/public_html/images service.jpg
107.08.19 14:11 B C:\Jae Files\Webs\reprodactyl new\images\serviceglow.jpg --> ftp.reprodactyl.com /home/dactyl/public_html/images serviceglow.jpg
107.08.19 14:11 B C:\Jae Files\Webs\reprodactyl new\images\skull.jpg --> ftp.reprodactyl.com /home/dactyl/public_html/images skull.jpg
107.08.19 14:11 B C:\Jae Files\Webs\reprodactyl new\images\smlogo.jpg --> ftp.reprodactyl.com /home/dactyl/public_html/images smlogo.jpg
107.08.19 14:11 B C:\Jae Files\Webs\reprodactyl new\images\title.jpg --> ftp.reprodactyl.com /home/dactyl/public_html/images title.jpg
107.08.19 14:11 B C:\Jae Files\Webs\reprodactyl new\images\working.jpg --> ftp.reprodactyl.com /home/dactyl/public_html/images working.jpg
107.08.19 14:57 B C:\Jae Files\Webs\reprodactyl new\images\hain.jpg <-- dactyl /home/dactyl/public_html/images hain.jpg
107.08.19 14:57 B C:\Jae Files\Webs\reprodactyl new\images\phyto.jpg <-- dactyl /home/dactyl/public_html/images phyto.jpg
107.08.19 14:57 B C:\Jae Files\Webs\reprodactyl new\images\post.jpg <-- dactyl /home/dactyl/public_html/images post.jpg
107.08.19 15:01 B C:\Jae Files\Webs\reprodactyl new\images\hain.html <-- dactyl /home/dactyl/public_html hain.html
107.08.19 15:01 B C:\Jae Files\Webs\reprodactyl new\images\phyt.html <-- dactyl /home/dactyl/public_html phyt.html
107.08.19 15:01 B C:\Jae Files\Webs\reprodactyl new\images\post.html <-- dactyl /home/dactyl/public_html post.html
107.08.19 15:02 B C:\Jae Files\Webs\reprodactyl new\images\hain.html <-- dactyl /home/dactyl/public_html hain.html
107.08.19 15:02 B C:\Jae Files\Webs\reprodactyl new\images\phyt.html <-- dactyl /home/dactyl/public_html phyt.html
107.08.19 15:02 B C:\Jae Files\Webs\reprodactyl new\images\post.html <-- dactyl /home/dactyl/public_html post.html
107.08.19 15:07 B C:\Jae Files\Webs\reprodactyl new\images\phyt.html --> ftp.reprodactyl.com /home/dactyl/public_html phyt.html
107.08.19 15:07 B C:\Jae Files\Webs\reprodactyl new\images\plainglow.jpg --> ftp.reprodactyl.com /home/dactyl/public_html plainglow.jpg
107.08.19 15:07 B C:\Jae Files\Webs\reprodactyl new\images\post.jpg --> ftp.reprodactyl.com /home/dactyl/public_html post.jpg
107.08.19 15:07 B C:\Jae Files\Webs\reprodactyl new\images\recent.jpg --> ftp.reprodactyl.com /home/dactyl/public_html recent.jpg
107.08.19 15:07 B C:\Jae Files\Webs\reprodactyl new\images\recentglow.jpg --> ftp.reprodactyl.com /home/dactyl/public_html recentglow.jpg
107.08.19 15:07 B C:\Jae Files\Webs\reprodactyl new\images\service.jpg --> ftp.reprodactyl.com /home/dactyl/public_html service.jpg
107.08.19 15:07 B C:\Jae Files\Webs\reprodactyl new\images\serviceglow.jpg --> ftp.reprodactyl.com /home/dactyl/public_html serviceglow.jpg
107.08.19 15:07 B C:\Jae Files\Webs\reprodactyl new\images\skull.jpg --> ftp.reprodactyl.com /home/dactyl/public_html skull.jpg
107.08.19 15:07 B C:\Jae Files\Webs\reprodactyl new\images\background.jpg --> ftp.reprodactyl.com /home/dactyl/public_html/images background.jpg
107.08.19 15:07 B C:\Jae Files\Webs\reprodactyl new\images\bar.jpg --> ftp.reprodactyl.com /home/dactyl/public_html/images bar.jpg
107.08.19 15:07 B C:\Jae Files\Webs\reprodactyl new\images\contact.jpg --> ftp.reprodactyl.com /home/dactyl/public_html/images contact.jpg
107.08.19 15:07 B C:\Jae Files\Webs\reprodactyl new\images\contactglow.jpg --> ftp.reprodactyl.com /home/dactyl/public_html/images contactglow.jpg
107.08.19 15:07 B C:\Jae Files\Webs\reprodactyl new\images\dactylAnim.gif --> ftp.reprodactyl.com /home/dactyl/public_html/images dactylAnim.gif
107.08.19 15:08 B C:\Jae Files\Webs\reprodactyl new\images\hain.jpg --> ftp.reprodactyl.com /home/dactyl/public_html/images hain.jpg
107.08.19 15:08 B C:\Jae Files\Webs\reprodactyl new\images\history.jpg --> ftp.reprodactyl.com /home/dactyl/public_html/images history.jpg
107.08.19 15:08 B C:\Jae Files\Webs\reprodactyl new\images\historyglow.jpg --> ftp.reprodactyl.com /home/dactyl/public_html/images historyglow.jpg
107.08.19 15:08 B C:\Jae Files\Webs\reprodactyl new\images\home.jpg --> ftp.reprodactyl.com /home/dactyl/public_html/images home.jpg
107.08.19 15:08 B C:\Jae Files\Webs\reprodactyl new\images\homeglow.jpg --> ftp.reprodactyl.com /home/dactyl/public_html/images homeglow.jpg
107.08.19 15:08 B C:\Jae Files\Webs\reprodactyl new\images\phyto.jpg --> ftp.reprodactyl.com /home/dactyl/public_html/images phyto.jpg
107.08.19 15:08 B C:\Jae Files\Webs\reprodactyl new\images\plainglow.jpg --> ftp.reprodactyl.com /home/dactyl/public_html/images plainglow.jpg
107.08.19 15:09 B C:\Jae Files\Webs\reprodactyl new\images\post.jpg --> ftp.reprodactyl.com /home/dactyl/public_html/images post.jpg
107.08.19 15:09 B C:\Jae Files\Webs\reprodactyl new\images\recent.jpg --> ftp.reprodactyl.com /home/dactyl/public_html/images recent.jpg
107.08.19 15:09 B C:\Jae Files\Webs\reprodactyl new\images\recentglow.jpg --> ftp.reprodactyl.com /home/dactyl/public_html/images recentglow.jpg
107.08.19 15:09 B C:\Jae Files\Webs\reprodactyl new\images\service.jpg --> ftp.reprodactyl.com /home/dactyl/public_html/images service.jpg
107.08.19 15:09 B C:\Jae Files\Webs\reprodactyl new\images\serviceglow.jpg --> ftp.reprodactyl.com /home/dactyl/public_html/images serviceglow.jpg
107.08.19 15:09 B C:\Jae Files\Webs\reprodactyl new\images\skull.jpg --> ftp.reprodactyl.com /home/dactyl/public_html/images skull.jpg
107.08.19 15:09 B C:\Jae Files\Webs\reprodactyl new\images\smlogo.jpg --> ftp.reprodactyl.com /home/dactyl/public_html/images smlogo.jpg
107.08.19 15:09 B C:\Jae Files\Webs\reprodactyl new\images\title.jpg --> ftp.reprodactyl.com /home/dactyl/public_html/images title.jpg
107.08.19 15:09 B C:\Jae Files\Webs\reprodactyl new\images\working.jpg --> ftp.reprodactyl.com /home/dactyl/public_html/images working.jpg
107.10.01 21:26 B C:\Jae Files\Webs\reprodactyl new\images\background.jpg --> host138.ipowerweb.com /public_html/images background.jpg
107.10.01 21:26 B C:\Jae Files\Webs\reprodactyl new\images\bar.jpg --> host138.ipowerweb.com /public_html/images bar.jpg
107.10.01 21:26 B C:\Jae Files\Webs\reprodactyl new\images\contact.jpg --> host138.ipowerweb.com /public_html/images contact.jpg
107.10.01 21:26 B C:\Jae Files\Webs\reprodactyl new\images\contactglow.jpg --> host138.ipowerweb.com /public_html/images contactglow.jpg
107.10.01 21:26 B C:\Jae Files\Webs\reprodactyl new\images\dactylAnim.gif --> host138.ipowerweb.com /public_html/images dactylAnim.gif
107.10.01 21:26 B C:\Jae Files\Webs\reprodactyl new\images\hain.jpg --> host138.ipowerweb.com /public_html/images hain.jpg
107.10.01 21:26 B C:\Jae Files\Webs\reprodactyl new\images\history.jpg --> host138.ipowerweb.com /public_html/images history.jpg
107.10.01 21:26 B C:\Jae Files\Webs\reprodactyl new\images\historyglow.jpg --> host138.ipowerweb.com /public_html/images historyglow.jpg
107.10.01 21:26 B C:\Jae Files\Webs\reprodactyl new\images\home.jpg --> host138.ipowerweb.com /public_html/images home.jpg
107.10.01 21:26 B C:\Jae Files\Webs\reprodactyl new\images\homeglow.jpg --> host138.ipowerweb.com /public_html/images homeglow.jpg
107.10.01 21:26 B C:\Jae Files\Webs\reprodactyl new\images\phyto.jpg --> host138.ipowerweb.com /public_html/images phyto.jpg
107.10.01 21:26 B C:\Jae Files\Webs\reprodactyl new\images\plainglow.jpg --> host138.ipowerweb.com /public_html/images plainglow.jpg
107.10.01 21:26 B C:\Jae Files\Webs\reprodactyl new\images\post.jpg --> host138.ipowerweb.com /public_html/images post.jpg
107.10.01 21:27 B C:\Jae Files\Webs\reprodactyl new\images\recent.jpg --> host138.ipowerweb.com /public_html/images recent.jpg
107.10.01 21:27 B C:\Jae Files\Webs\reprodactyl new\images\recentglow.jpg --> host138.ipowerweb.com /public_html/images recentglow.jpg
107.10.01 21:27 B C:\Jae Files\Webs\reprodactyl new\images\service.jpg --> host138.ipowerweb.com /public_html/images service.jpg
107.10.01 21:27 B C:\Jae Files\Webs\reprodactyl new\images\serviceglow.jpg --> host138.ipowerweb.com /public_html/images serviceglow.jpg
107.10.01 21:27 B C:\Jae Files\Webs\reprodactyl new\images\skull.jpg --> host138.ipowerweb.com /public_html/images skull.jpg
107.10.01 21:27 B C:\Jae Files\Webs\reprodactyl new\images\smlogo.jpg --> host138.ipowerweb.com /public_html/images smlogo.jpg
107.10.01 21:27 B C:\Jae Files\Webs\reprodactyl new\images\title.jpg --> host138.ipowerweb.com /public_html/images title.jpg
107.10.01 21:27 B C:\Jae Files\Webs\reprodactyl new\images\working.jpg --> host138.ipowerweb.com /public_html/images working.jpg
